\BOOKMARK [0][-]{chapter*.3}{Lista de acr\364nimos}{}% 1
\BOOKMARK [0][-]{chapter*.4}{Lista de Figuras}{}% 2
\BOOKMARK [0][-]{chapter*.5}{Lista de Tabelas}{}% 3
\BOOKMARK [0][-]{chapter*.6}{Resumo}{}% 4
\BOOKMARK [0][-]{chapter*.8}{Abstract}{}% 5
\BOOKMARK [0][-]{chapter.9}{Introdu\347\343o}{}% 6
\BOOKMARK [1][-]{section.10}{Objetivos do Trabalho}{chapter.9}% 7
\BOOKMARK [1][-]{section.11}{Estrutura do Trabalho}{chapter.9}% 8
\BOOKMARK [0][-]{chapter.14}{Processamento de Linguagem Natural}{}% 9
\BOOKMARK [1][-]{section.15}{Lingu\355stica}{chapter.14}% 10
\BOOKMARK [1][-]{section.16}{M\351todos de Processamento de Linguagem Natural}{chapter.14}% 11
\BOOKMARK [2][-]{subsection.18}{M\351todo Simb\363lico}{section.16}% 12
\BOOKMARK [2][-]{subsection.19}{M\351todo Estat\355stico}{section.16}% 13
\BOOKMARK [0][-]{chapter.29}{M\351todos estat\355sticos e simb\363licos aplicados na an\341lise de sentimentos}{}% 14
\BOOKMARK [1][-]{section.32}{M\351todo de Naive Bayes}{chapter.29}% 15
\BOOKMARK [1][-]{section.48}{M\351todo de VADER}{chapter.29}% 16
\BOOKMARK [2][-]{subsection.51}{Defini\347\343o de M\351todo para Identifica\347\343o de Sentimentos}{section.48}% 17
\BOOKMARK [2][-]{subsection.52}{Implementa\347\343o do M\351todo de VADER}{section.48}% 18
\BOOKMARK [0][-]{chapter.53}{Cria\347\343o de Base de Dados}{}% 19
\BOOKMARK [1][-]{section.54}{Rede Social Reddit}{chapter.53}% 20
\BOOKMARK [1][-]{section.56}{Extra\347\343o de Dados}{chapter.53}% 21
\BOOKMARK [1][-]{section.62}{T\363picos Selecionados}{chapter.53}% 22
\BOOKMARK [0][-]{chapter.63}{Conclus\343o Parcial}{}% 23
\BOOKMARK [1][-]{section.64}{Atividade e Cronograma do TCC II}{chapter.63}% 24
\BOOKMARK [0][-]{chapter*.70}{Refer\352ncias}{}% 25
